# JRE version: OpenJDK Runtime Environment Temurin-17.0.4.1+1 (17.0.4.1+1) (build 17.0.4.1+1)
# Java VM: OpenJDK 64-Bit Server VM Temurin-17.0.4.1+1 (17.0.4.1+1, mixed mode, emulated-client, tiered, compressed oops, compressed class ptrs, g1 gc, windows-amd64)
GC Precious Log:
 CPUs: 12 total, 12 available
 Memory: 16257M
 Large Page Support: Disabled
 NUMA Support: Disabled
 Compressed Oops: Enabled (Zero based)
 Heap Region Size: 2M
 Heap Min Capacity: 8M
 Heap Initial Capacity: 256M
 Heap Max Capacity: 4066M
 Pre-touch: Disabled
 Parallel Workers: 10
 Concurrent Workers: 3
 Concurrent Refinement Workers: 10
 Periodic GC: Disabled
Heap:
 garbage-first heap   total 358400K, used 103631K [0x0000000701e00000, 0x0000000800000000)
  region size 2048K, 8 young (16384K), 8 survivors (16384K)
 Metaspace       used 36208K, committed 36544K, reserved 1081344K
  class space    used 4719K, committed 4864K, reserved 1048576K
GC Heap History (20 events):
Event: 5.740 GC heap after
{Heap after GC invocations=8 (full 0):
 garbage-first heap   total 155648K, used 15776K [0x0000000701e00000, 0x0000000800000000)
  region size 2048K, 1 young (2048K), 1 survivors (2048K)
 Metaspace       used 30660K, committed 30976K, reserved 1081344K
  class space    used 3872K, committed 4032K, reserved 1048576K
}
Event: 6.232 GC heap before
{Heap before GC invocations=8 (full 0):
 garbage-first heap   total 155648K, used 103840K [0x0000000701e00000, 0x0000000800000000)
  region size 2048K, 45 young (92160K), 1 survivors (2048K)
 Metaspace       used 33453K, committed 33728K, reserved 1081344K
  class space    used 4255K, committed 4416K, reserved 1048576K
}
Event: 6.243 GC heap after
{Heap after GC invocations=9 (full 0):
 garbage-first heap   total 155648K, used 30720K [0x0000000701e00000, 0x0000000800000000)
  region size 2048K, 6 young (12288K), 6 survivors (12288K)
 Metaspace       used 33453K, committed 33728K, reserved 1081344K
  class space    used 4255K, committed 4416K, reserved 1048576K
}
Event: 6.409 GC heap before
{Heap before GC invocations=9 (full 0):
 garbage-first heap   total 155648K, used 92160K [0x0000000701e00000, 0x0000000800000000)
  region size 2048K, 37 young (75776K), 6 survivors (12288K)
 Metaspace       used 34656K, committed 35008K, reserved 1081344K
  class space    used 4430K, committed 4608K, reserved 1048576K
}
Event: 6.422 GC heap after
{Heap after GC invocations=10 (full 0):
 garbage-first heap   total 155648K, used 45056K [0x0000000701e00000, 0x0000000800000000)
  region size 2048K, 5 young (10240K), 5 survivors (10240K)
 Metaspace       used 34656K, committed 35008K, reserved 1081344K
  class space    used 4430K, committed 4608K, reserved 1048576K
}
Event: 6.501 GC heap before
{Heap before GC invocations=10 (full 0):
 garbage-first heap   total 155648K, used 98304K [0x0000000701e00000, 0x0000000800000000)
  region size 2048K, 32 young (65536K), 5 survivors (10240K)
 Metaspace       used 35578K, committed 35904K, reserved 1081344K
  class space    used 4584K, committed 4736K, reserved 1048576K
}
Event: 6.525 GC heap after
{Heap after GC invocations=11 (full 0):
 garbage-first heap   total 155648K, used 61421K [0x0000000701e00000, 0x0000000800000000)
  region size 2048K, 4 young (8192K), 4 survivors (8192K)
 Metaspace       used 35578K, committed 35904K, reserved 1081344K
  class space    used 4584K, committed 4736K, reserved 1048576K
}
Event: 6.536 GC heap before
{Heap before GC invocations=11 (full 0):
 garbage-first heap   total 155648K, used 104429K [0x0000000701e00000, 0x0000000800000000)
  region size 2048K, 26 young (53248K), 4 survivors (8192K)
 Metaspace       used 35585K, committed 35904K, reserved 1081344K
  class space    used 4585K, committed 4736K, reserved 1048576K
}
Event: 6.542 GC heap after
{Heap after GC invocations=12 (full 0):
 garbage-first heap   total 155648K, used 65964K [0x0000000701e00000, 0x0000000800000000)
  region size 2048K, 2 young (4096K), 2 survivors (4096K)
 Metaspace       used 35585K, committed 35904K, reserved 1081344K
  class space    used 4585K, committed 4736K, reserved 1048576K
}
Event: 6.550 GC heap before
{Heap before GC invocations=12 (full 0):
 garbage-first heap   total 155648K, used 111020K [0x0000000701e00000, 0x0000000800000000)
  region size 2048K, 25 young (51200K), 2 survivors (4096K)
 Metaspace       used 35619K, committed 35904K, reserved 1081344K
  class space    used 4593K, committed 4736K, reserved 1048576K
}
Event: 6.553 GC heap after
{Heap after GC invocations=13 (full 0):
 garbage-first heap   total 358400K, used 67493K [0x0000000701e00000, 0x0000000800000000)
  region size 2048K, 3 young (6144K), 3 survivors (6144K)
 Metaspace       used 35619K, committed 35904K, reserved 1081344K
  class space    used 4593K, committed 4736K, reserved 1048576K
}
Event: 6.612 GC heap before
{Heap before GC invocations=13 (full 0):
 garbage-first heap   total 358400K, used 266149K [0x0000000701e00000, 0x0000000800000000)
  region size 2048K, 101 young (206848K), 3 survivors (6144K)
 Metaspace       used 35796K, committed 36160K, reserved 1081344K
  class space    used 4622K, committed 4800K, reserved 1048576K
}
Event: 6.618 GC heap after
{Heap after GC invocations=14 (full 0):
 garbage-first heap   total 358400K, used 74905K [0x0000000701e00000, 0x0000000800000000)
  region size 2048K, 6 young (12288K), 6 survivors (12288K)
 Metaspace       used 35796K, committed 36160K, reserved 1081344K
  class space    used 4622K, committed 4800K, reserved 1048576K
}
Event: 6.637 GC heap before
{Heap before GC invocations=14 (full 0):
 garbage-first heap   total 358400K, used 179353K [0x0000000701e00000, 0x0000000800000000)
  region size 2048K, 59 young (120832K), 6 survivors (12288K)
 Metaspace       used 35858K, committed 36160K, reserved 1081344K
  class space    used 4638K, committed 4800K, reserved 1048576K
}
Event: 6.643 GC heap after
{Heap after GC invocations=15 (full 0):
 garbage-first heap   total 358400K, used 79899K [0x0000000701e00000, 0x0000000800000000)
  region size 2048K, 9 young (18432K), 9 survivors (18432K)
 Metaspace       used 35858K, committed 36160K, reserved 1081344K
  class space    used 4638K, committed 4800K, reserved 1048576K
}
Event: 6.685 GC heap before
{Heap before GC invocations=15 (full 0):
 garbage-first heap   total 358400K, used 274459K [0x0000000701e00000, 0x0000000800000000)
  region size 2048K, 105 young (215040K), 9 survivors (18432K)
 Metaspace       used 35989K, committed 36288K, reserved 1081344K
  class space    used 4670K, committed 4800K, reserved 1048576K
}
Event: 6.693 GC heap after
{Heap after GC invocations=16 (full 0):
 garbage-first heap   total 358400K, used 87997K [0x0000000701e00000, 0x0000000800000000)
  region size 2048K, 12 young (24576K), 12 survivors (24576K)
 Metaspace       used 35989K, committed 36288K, reserved 1081344K
  class space    used 4670K, committed 4800K, reserved 1048576K
}
Event: 6.745 GC heap before
{Heap before GC invocations=17 (full 0):
 garbage-first heap   total 358400K, used 276413K [0x0000000701e00000, 0x0000000800000000)
  region size 2048K, 105 young (215040K), 12 survivors (24576K)
 Metaspace       used 36146K, committed 36480K, reserved 1081344K
  class space    used 4703K, committed 4864K, reserved 1048576K
}
Event: 6.755 GC heap after
{Heap after GC invocations=18 (full 0):
 garbage-first heap   total 358400K, used 96931K [0x0000000701e00000, 0x0000000800000000)
  region size 2048K, 11 young (22528K), 11 survivors (22528K)
 Metaspace       used 36146K, committed 36480K, reserved 1081344K
  class space    used 4703K, committed 4864K, reserved 1048576K
}
Event: 6.795 GC heap before
{Heap before GC invocations=18 (full 0):
 garbage-first heap   total 358400K, used 287395K [0x0000000701e00000, 0x0000000800000000)
  region size 2048K, 105 young (215040K), 11 survivors (22528K)
 Metaspace       used 36208K, committed 36544K, reserved 1081344K
  class space    used 4719K, committed 4864K, reserved 1048576K
}

