# JRE version: OpenJDK Runtime Environment Temurin-17.0.4.1+1 (17.0.4.1+1) (build 17.0.4.1+1)
# Java VM: OpenJDK 64-Bit Server VM Temurin-17.0.4.1+1 (17.0.4.1+1, mixed mode, tiered, compressed oops, compressed class ptrs, parallel gc, windows-amd64)
GC Precious Log:
 CPUs: 12 total, 12 available
 Memory: 16257M
 Large Page Support: Disabled
 NUMA Support: Disabled
 Compressed Oops: Enabled (32-bit)
 Alignments: Space 512K, Generation 512K, Heap 2M
 Heap Min Capacity: 100M
 Heap Initial Capacity: 100M
 Heap Max Capacity: 1G
 Pre-touch: Disabled
 Parallel Workers: 10
Heap:
 PSYoungGen      total 5120K, used 3056K [0x00000000eab00000, 0x00000000eb200000, 0x0000000100000000)
  eden space 4096K, 49% used [0x00000000eab00000,0x00000000eacfd718,0x00000000eaf00000)
  from space 1024K, 99% used [0x00000000eaf80000,0x00000000eb07e900,0x00000000eb080000)
  to   space 1536K, 0% used [0x00000000eb080000,0x00000000eb080000,0x00000000eb200000)
 ParOldGen       total 233472K, used 201082K [0x00000000c0000000, 0x00000000ce400000, 0x00000000eab00000)
  object space 233472K, 86% used [0x00000000c0000000,0x00000000cc45eb90,0x00000000ce400000)
 Metaspace       used 80456K, committed 81728K, reserved 1122304K
  class space    used 8356K, committed 8960K, reserved 1048576K
GC Heap History (20 events):
Event: 259.006 GC heap before
{Heap before GC invocations=304 (full 12):
 PSYoungGen      total 6144K, used 6142K [0x00000000eab00000, 0x00000000eb300000, 0x0000000100000000)
  eden space 5120K, 100% used [0x00000000eab00000,0x00000000eb000000,0x00000000eb000000)
  from space 1024K, 99% used [0x00000000eb000000,0x00000000eb0ffb10,0x00000000eb100000)
  to   space 1536K, 0% used [0x00000000eb180000,0x00000000eb180000,0x00000000eb300000)
 ParOldGen       total 233472K, used 199098K [0x00000000c0000000, 0x00000000ce400000, 0x00000000eab00000)
  object space 233472K, 85% used [0x00000000c0000000,0x00000000cc26eab0,0x00000000ce400000)
 Metaspace       used 78713K, committed 79936K, reserved 1122304K
  class space    used 8208K, committed 8768K, reserved 1048576K
}
Event: 259.007 GC heap after
{Heap after GC invocations=304 (full 12):
 PSYoungGen      total 6144K, used 1534K [0x00000000eab00000, 0x00000000eb400000, 0x0000000100000000)
  eden space 4608K, 0% used [0x00000000eab00000,0x00000000eab00000,0x00000000eaf80000)
  from space 1536K, 99% used [0x00000000eb180000,0x00000000eb2ffb10,0x00000000eb300000)
  to   space 2048K, 0% used [0x00000000eaf80000,0x00000000eaf80000,0x00000000eb180000)
 ParOldGen       total 233472K, used 199331K [0x00000000c0000000, 0x00000000ce400000, 0x00000000eab00000)
  object space 233472K, 85% used [0x00000000c0000000,0x00000000cc2a8ec0,0x00000000ce400000)
 Metaspace       used 78713K, committed 79936K, reserved 1122304K
  class space    used 8208K, committed 8768K, reserved 1048576K
}
Event: 259.014 GC heap before
{Heap before GC invocations=305 (full 12):
 PSYoungGen      total 6144K, used 6142K [0x00000000eab00000, 0x00000000eb400000, 0x0000000100000000)
  eden space 4608K, 100% used [0x00000000eab00000,0x00000000eaf80000,0x00000000eaf80000)
  from space 1536K, 99% used [0x00000000eb180000,0x00000000eb2ffb10,0x00000000eb300000)
  to   space 2048K, 0% used [0x00000000eaf80000,0x00000000eaf80000,0x00000000eb180000)
 ParOldGen       total 233472K, used 199331K [0x00000000c0000000, 0x00000000ce400000, 0x00000000eab00000)
  object space 233472K, 85% used [0x00000000c0000000,0x00000000cc2a8ec0,0x00000000ce400000)
 Metaspace       used 78713K, committed 79936K, reserved 1122304K
  class space    used 8208K, committed 8768K, reserved 1048576K
}
Event: 259.015 GC heap after
{Heap after GC invocations=305 (full 12):
 PSYoungGen      total 6656K, used 1822K [0x00000000eab00000, 0x00000000eb380000, 0x0000000100000000)
  eden space 4608K, 0% used [0x00000000eab00000,0x00000000eab00000,0x00000000eaf80000)
  from space 2048K, 89% used [0x00000000eaf80000,0x00000000eb147b10,0x00000000eb180000)
  to   space 2048K, 0% used [0x00000000eb180000,0x00000000eb180000,0x00000000eb380000)
 ParOldGen       total 233472K, used 199462K [0x00000000c0000000, 0x00000000ce400000, 0x00000000eab00000)
  object space 233472K, 85% used [0x00000000c0000000,0x00000000cc2c9bd0,0x00000000ce400000)
 Metaspace       used 78713K, committed 79936K, reserved 1122304K
  class space    used 8208K, committed 8768K, reserved 1048576K
}
Event: 259.021 GC heap before
{Heap before GC invocations=306 (full 12):
 PSYoungGen      total 6656K, used 6430K [0x00000000eab00000, 0x00000000eb380000, 0x0000000100000000)
  eden space 4608K, 100% used [0x00000000eab00000,0x00000000eaf80000,0x00000000eaf80000)
  from space 2048K, 89% used [0x00000000eaf80000,0x00000000eb147b10,0x00000000eb180000)
  to   space 2048K, 0% used [0x00000000eb180000,0x00000000eb180000,0x00000000eb380000)
 ParOldGen       total 233472K, used 199462K [0x00000000c0000000, 0x00000000ce400000, 0x00000000eab00000)
  object space 233472K, 85% used [0x00000000c0000000,0x00000000cc2c9bd0,0x00000000ce400000)
 Metaspace       used 78713K, committed 79936K, reserved 1122304K
  class space    used 8208K, committed 8768K, reserved 1048576K
}
Event: 259.023 GC heap after
{Heap after GC invocations=306 (full 12):
 PSYoungGen      total 6656K, used 1774K [0x00000000eab00000, 0x00000000eb380000, 0x0000000100000000)
  eden space 4608K, 0% used [0x00000000eab00000,0x00000000eab00000,0x00000000eaf80000)
  from space 2048K, 86% used [0x00000000eb180000,0x00000000eb33bb20,0x00000000eb380000)
  to   space 2048K, 0% used [0x00000000eaf80000,0x00000000eaf80000,0x00000000eb180000)
 ParOldGen       total 233472K, used 199462K [0x00000000c0000000, 0x00000000ce400000, 0x00000000eab00000)
  object space 233472K, 85% used [0x00000000c0000000,0x00000000cc2c9bd0,0x00000000ce400000)
 Metaspace       used 78713K, committed 79936K, reserved 1122304K
  class space    used 8208K, committed 8768K, reserved 1048576K
}
Event: 259.030 GC heap before
{Heap before GC invocations=307 (full 12):
 PSYoungGen      total 6656K, used 6382K [0x00000000eab00000, 0x00000000eb380000, 0x0000000100000000)
  eden space 4608K, 100% used [0x00000000eab00000,0x00000000eaf80000,0x00000000eaf80000)
  from space 2048K, 86% used [0x00000000eb180000,0x00000000eb33bb20,0x00000000eb380000)
  to   space 2048K, 0% used [0x00000000eaf80000,0x00000000eaf80000,0x00000000eb180000)
 ParOldGen       total 233472K, used 199462K [0x00000000c0000000, 0x00000000ce400000, 0x00000000eab00000)
  object space 233472K, 85% used [0x00000000c0000000,0x00000000cc2c9bd0,0x00000000ce400000)
 Metaspace       used 78713K, committed 79936K, reserved 1122304K
  class space    used 8208K, committed 8768K, reserved 1048576K
}
Event: 259.031 GC heap after
{Heap after GC invocations=307 (full 12):
 PSYoungGen      total 6656K, used 1625K [0x00000000eab00000, 0x00000000eb380000, 0x0000000100000000)
  eden space 4608K, 0% used [0x00000000eab00000,0x00000000eab00000,0x00000000eaf80000)
  from space 2048K, 79% used [0x00000000eaf80000,0x00000000eb116410,0x00000000eb180000)
  to   space 2048K, 0% used [0x00000000eb180000,0x00000000eb180000,0x00000000eb380000)
 ParOldGen       total 233472K, used 199542K [0x00000000c0000000, 0x00000000ce400000, 0x00000000eab00000)
  object space 233472K, 85% used [0x00000000c0000000,0x00000000cc2ddbd0,0x00000000ce400000)
 Metaspace       used 78713K, committed 79936K, reserved 1122304K
  class space    used 8208K, committed 8768K, reserved 1048576K
}
Event: 259.040 GC heap before
{Heap before GC invocations=308 (full 12):
 PSYoungGen      total 6656K, used 6233K [0x00000000eab00000, 0x00000000eb380000, 0x0000000100000000)
  eden space 4608K, 100% used [0x00000000eab00000,0x00000000eaf80000,0x00000000eaf80000)
  from space 2048K, 79% used [0x00000000eaf80000,0x00000000eb116410,0x00000000eb180000)
  to   space 2048K, 0% used [0x00000000eb180000,0x00000000eb180000,0x00000000eb380000)
 ParOldGen       total 233472K, used 199542K [0x00000000c0000000, 0x00000000ce400000, 0x00000000eab00000)
  object space 233472K, 85% used [0x00000000c0000000,0x00000000cc2ddbd0,0x00000000ce400000)
 Metaspace       used 78718K, committed 79936K, reserved 1122304K
  class space    used 8209K, committed 8768K, reserved 1048576K
}
Event: 259.041 GC heap after
{Heap after GC invocations=308 (full 12):
 PSYoungGen      total 6656K, used 1795K [0x00000000eab00000, 0x00000000eb380000, 0x0000000100000000)
  eden space 4608K, 0% used [0x00000000eab00000,0x00000000eab00000,0x00000000eaf80000)
  from space 2048K, 87% used [0x00000000eb180000,0x00000000eb340d20,0x00000000eb380000)
  to   space 2048K, 0% used [0x00000000eaf80000,0x00000000eaf80000,0x00000000eb180000)
 ParOldGen       total 233472K, used 199550K [0x00000000c0000000, 0x00000000ce400000, 0x00000000eab00000)
  object space 233472K, 85% used [0x00000000c0000000,0x00000000cc2dfbd0,0x00000000ce400000)
 Metaspace       used 78718K, committed 79936K, reserved 1122304K
  class space    used 8209K, committed 8768K, reserved 1048576K
}
Event: 260.313 GC heap before
{Heap before GC invocations=309 (full 12):
 PSYoungGen      total 6656K, used 6403K [0x00000000eab00000, 0x00000000eb380000, 0x0000000100000000)
  eden space 4608K, 100% used [0x00000000eab00000,0x00000000eaf80000,0x00000000eaf80000)
  from space 2048K, 87% used [0x00000000eb180000,0x00000000eb340d20,0x00000000eb380000)
  to   space 2048K, 0% used [0x00000000eaf80000,0x00000000eaf80000,0x00000000eb180000)
 ParOldGen       total 233472K, used 199550K [0x00000000c0000000, 0x00000000ce400000, 0x00000000eab00000)
  object space 233472K, 85% used [0x00000000c0000000,0x00000000cc2dfbd0,0x00000000ce400000)
 Metaspace       used 79043K, committed 80256K, reserved 1122304K
  class space    used 8234K, committed 8768K, reserved 1048576K
}
Event: 260.315 GC heap after
{Heap after GC invocations=309 (full 12):
 PSYoungGen      total 5632K, used 947K [0x00000000eab00000, 0x00000000eb280000, 0x0000000100000000)
  eden space 4608K, 0% used [0x00000000eab00000,0x00000000eab00000,0x00000000eaf80000)
  from space 1024K, 92% used [0x00000000eaf80000,0x00000000eb06cd28,0x00000000eb080000)
  to   space 1536K, 0% used [0x00000000eb100000,0x00000000eb100000,0x00000000eb280000)
 ParOldGen       total 233472K, used 200366K [0x00000000c0000000, 0x00000000ce400000, 0x00000000eab00000)
  object space 233472K, 85% used [0x00000000c0000000,0x00000000cc3ab970,0x00000000ce400000)
 Metaspace       used 79043K, committed 80256K, reserved 1122304K
  class space    used 8234K, committed 8768K, reserved 1048576K
}
Event: 260.363 GC heap before
{Heap before GC invocations=310 (full 12):
 PSYoungGen      total 5632K, used 5543K [0x00000000eab00000, 0x00000000eb280000, 0x0000000100000000)
  eden space 4608K, 99% used [0x00000000eab00000,0x00000000eaf7d210,0x00000000eaf80000)
  from space 1024K, 92% used [0x00000000eaf80000,0x00000000eb06cd28,0x00000000eb080000)
  to   space 1536K, 0% used [0x00000000eb100000,0x00000000eb100000,0x00000000eb280000)
 ParOldGen       total 233472K, used 200366K [0x00000000c0000000, 0x00000000ce400000, 0x00000000eab00000)
  object space 233472K, 85% used [0x00000000c0000000,0x00000000cc3ab970,0x00000000ce400000)
 Metaspace       used 79687K, committed 80832K, reserved 1122304K
  class space    used 8276K, committed 8768K, reserved 1048576K
}
Event: 260.365 GC heap after
{Heap after GC invocations=310 (full 12):
 PSYoungGen      total 5632K, used 1455K [0x00000000eab00000, 0x00000000eb380000, 0x0000000100000000)
  eden space 4096K, 0% used [0x00000000eab00000,0x00000000eab00000,0x00000000eaf00000)
  from space 1536K, 94% used [0x00000000eb100000,0x00000000eb26bc38,0x00000000eb280000)
  to   space 2048K, 0% used [0x00000000eaf00000,0x00000000eaf00000,0x00000000eb100000)
 ParOldGen       total 233472K, used 200374K [0x00000000c0000000, 0x00000000ce400000, 0x00000000eab00000)
  object space 233472K, 85% used [0x00000000c0000000,0x00000000cc3ad970,0x00000000ce400000)
 Metaspace       used 79687K, committed 80832K, reserved 1122304K
  class space    used 8276K, committed 8768K, reserved 1048576K
}
Event: 260.420 GC heap before
{Heap before GC invocations=311 (full 12):
 PSYoungGen      total 5632K, used 5551K [0x00000000eab00000, 0x00000000eb380000, 0x0000000100000000)
  eden space 4096K, 100% used [0x00000000eab00000,0x00000000eaf00000,0x00000000eaf00000)
  from space 1536K, 94% used [0x00000000eb100000,0x00000000eb26bc38,0x00000000eb280000)
  to   space 2048K, 0% used [0x00000000eaf00000,0x00000000eaf00000,0x00000000eb100000)
 ParOldGen       total 233472K, used 200374K [0x00000000c0000000, 0x00000000ce400000, 0x00000000eab00000)
  object space 233472K, 85% used [0x00000000c0000000,0x00000000cc3ad970,0x00000000ce400000)
 Metaspace       used 80025K, committed 81152K, reserved 1122304K
  class space    used 8315K, committed 8832K, reserved 1048576K
}
Event: 260.422 GC heap after
{Heap after GC invocations=311 (full 12):
 PSYoungGen      total 6144K, used 2045K [0x00000000eab00000, 0x00000000eb400000, 0x0000000100000000)
  eden space 4096K, 0% used [0x00000000eab00000,0x00000000eab00000,0x00000000eaf00000)
  from space 2048K, 99% used [0x00000000eaf00000,0x00000000eb0ff470,0x00000000eb100000)
  to   space 2560K, 0% used [0x00000000eb180000,0x00000000eb180000,0x00000000eb400000)
 ParOldGen       total 233472K, used 200406K [0x00000000c0000000, 0x00000000ce400000, 0x00000000eab00000)
  object space 233472K, 85% used [0x00000000c0000000,0x00000000cc3b5970,0x00000000ce400000)
 Metaspace       used 80025K, committed 81152K, reserved 1122304K
  class space    used 8315K, committed 8832K, reserved 1048576K
}
Event: 267.994 GC heap before
{Heap before GC invocations=312 (full 12):
 PSYoungGen      total 6144K, used 6136K [0x00000000eab00000, 0x00000000eb400000, 0x0000000100000000)
  eden space 4096K, 99% used [0x00000000eab00000,0x00000000eaefec68,0x00000000eaf00000)
  from space 2048K, 99% used [0x00000000eaf00000,0x00000000eb0ff470,0x00000000eb100000)
  to   space 2560K, 0% used [0x00000000eb180000,0x00000000eb180000,0x00000000eb400000)
 ParOldGen       total 233472K, used 200406K [0x00000000c0000000, 0x00000000ce400000, 0x00000000eab00000)
  object space 233472K, 85% used [0x00000000c0000000,0x00000000cc3b5970,0x00000000ce400000)
 Metaspace       used 80300K, committed 81472K, reserved 1122304K
  class space    used 8344K, committed 8832K, reserved 1048576K
}
Event: 267.995 GC heap after
{Heap after GC invocations=312 (full 12):
 PSYoungGen      total 5120K, used 938K [0x00000000eab00000, 0x00000000eb280000, 0x0000000100000000)
  eden space 4096K, 0% used [0x00000000eab00000,0x00000000eab00000,0x00000000eaf00000)
  from space 1024K, 91% used [0x00000000eb180000,0x00000000eb26a910,0x00000000eb280000)
  to   space 1536K, 0% used [0x00000000eaf80000,0x00000000eaf80000,0x00000000eb100000)
 ParOldGen       total 233472K, used 201074K [0x00000000c0000000, 0x00000000ce400000, 0x00000000eab00000)
  object space 233472K, 86% used [0x00000000c0000000,0x00000000cc45cb90,0x00000000ce400000)
 Metaspace       used 80300K, committed 81472K, reserved 1122304K
  class space    used 8344K, committed 8832K, reserved 1048576K
}
Event: 274.654 GC heap before
{Heap before GC invocations=313 (full 12):
 PSYoungGen      total 5120K, used 5034K [0x00000000eab00000, 0x00000000eb280000, 0x0000000100000000)
  eden space 4096K, 100% used [0x00000000eab00000,0x00000000eaf00000,0x00000000eaf00000)
  from space 1024K, 91% used [0x00000000eb180000,0x00000000eb26a910,0x00000000eb280000)
  to   space 1536K, 0% used [0x00000000eaf80000,0x00000000eaf80000,0x00000000eb100000)
 ParOldGen       total 233472K, used 201074K [0x00000000c0000000, 0x00000000ce400000, 0x00000000eab00000)
  object space 233472K, 86% used [0x00000000c0000000,0x00000000cc45cb90,0x00000000ce400000)
 Metaspace       used 80389K, committed 81664K, reserved 1122304K
  class space    used 8353K, committed 8960K, reserved 1048576K
}
Event: 274.656 GC heap after
{Heap after GC invocations=313 (full 12):
 PSYoungGen      total 5120K, used 1018K [0x00000000eab00000, 0x00000000eb200000, 0x0000000100000000)
  eden space 4096K, 0% used [0x00000000eab00000,0x00000000eab00000,0x00000000eaf00000)
  from space 1024K, 99% used [0x00000000eaf80000,0x00000000eb07e900,0x00000000eb080000)
  to   space 1536K, 0% used [0x00000000eb080000,0x00000000eb080000,0x00000000eb200000)
 ParOldGen       total 233472K, used 201082K [0x00000000c0000000, 0x00000000ce400000, 0x00000000eab00000)
  object space 233472K, 86% used [0x00000000c0000000,0x00000000cc45eb90,0x00000000ce400000)
 Metaspace       used 80389K, committed 81664K, reserved 1122304K
  class space    used 8353K, committed 8960K, reserved 1048576K
}

