# JRE version: OpenJDK Runtime Environment Temurin-17.0.4.1+1 (17.0.4.1+1) (build 17.0.4.1+1)
# Java VM: OpenJDK 64-Bit Server VM Temurin-17.0.4.1+1 (17.0.4.1+1, mixed mode, emulated-client, tiered, compressed oops, compressed class ptrs, g1 gc, windows-amd64)
GC Precious Log:
 CPUs: 12 total, 12 available
 Memory: 16257M
 Large Page Support: Disabled
 NUMA Support: Disabled
 Compressed Oops: Enabled (Zero based)
 Heap Region Size: 2M
 Heap Min Capacity: 8M
 Heap Initial Capacity: 256M
 Heap Max Capacity: 4066M
 Pre-touch: Disabled
 Parallel Workers: 10
 Concurrent Workers: 3
 Concurrent Refinement Workers: 10
 Periodic GC: Disabled
Heap:
 garbage-first heap   total 559104K, used 136959K [0x0000000701e00000, 0x0000000800000000)
  region size 2048K, 18 young (36864K), 18 survivors (36864K)
 Metaspace       used 39354K, committed 39744K, reserved 1089536K
  class space    used 4975K, committed 5184K, reserved 1048576K
GC Heap History (20 events):
Event: 2.064 GC heap after
{Heap after GC invocations=9 (full 0):
 garbage-first heap   total 155648K, used 40683K [0x0000000701e00000, 0x0000000800000000)
  region size 2048K, 5 young (10240K), 5 survivors (10240K)
 Metaspace       used 34540K, committed 34944K, reserved 1081344K
  class space    used 4409K, committed 4608K, reserved 1048576K
}
Event: 2.168 GC heap before
{Heap before GC invocations=9 (full 0):
 garbage-first heap   total 155648K, used 65259K [0x0000000701e00000, 0x0000000800000000)
  region size 2048K, 19 young (38912K), 5 survivors (10240K)
 Metaspace       used 35811K, committed 36096K, reserved 1081344K
  class space    used 4643K, committed 4800K, reserved 1048576K
}
Event: 2.177 GC heap after
{Heap after GC invocations=10 (full 0):
 garbage-first heap   total 155648K, used 49020K [0x0000000701e00000, 0x0000000800000000)
  region size 2048K, 4 young (8192K), 4 survivors (8192K)
 Metaspace       used 35811K, committed 36096K, reserved 1081344K
  class space    used 4643K, committed 4800K, reserved 1048576K
}
Event: 2.251 GC heap before
{Heap before GC invocations=11 (full 0):
 garbage-first heap   total 155648K, used 100220K [0x0000000701e00000, 0x0000000800000000)
  region size 2048K, 30 young (61440K), 4 survivors (8192K)
 Metaspace       used 36314K, committed 36672K, reserved 1081344K
  class space    used 4737K, committed 4928K, reserved 1048576K
}
Event: 2.272 GC heap after
{Heap after GC invocations=12 (full 0):
 garbage-first heap   total 219136K, used 59602K [0x0000000701e00000, 0x0000000800000000)
  region size 2048K, 4 young (8192K), 4 survivors (8192K)
 Metaspace       used 36314K, committed 36672K, reserved 1081344K
  class space    used 4737K, committed 4928K, reserved 1048576K
}
Event: 2.296 GC heap before
{Heap before GC invocations=12 (full 0):
 garbage-first heap   total 219136K, used 141522K [0x0000000701e00000, 0x0000000800000000)
  region size 2048K, 45 young (92160K), 4 survivors (8192K)
 Metaspace       used 36330K, committed 36672K, reserved 1081344K
  class space    used 4738K, committed 4928K, reserved 1048576K
}
Event: 2.301 GC heap after
{Heap after GC invocations=13 (full 0):
 garbage-first heap   total 219136K, used 65005K [0x0000000701e00000, 0x0000000800000000)
  region size 2048K, 3 young (6144K), 3 survivors (6144K)
 Metaspace       used 36330K, committed 36672K, reserved 1081344K
  class space    used 4738K, committed 4928K, reserved 1048576K
}
Event: 2.319 GC heap before
{Heap before GC invocations=13 (full 0):
 garbage-first heap   total 219136K, used 148973K [0x0000000701e00000, 0x0000000800000000)
  region size 2048K, 45 young (92160K), 3 survivors (6144K)
 Metaspace       used 36388K, committed 36736K, reserved 1081344K
  class space    used 4746K, committed 4928K, reserved 1048576K
}
Event: 2.322 GC heap after
{Heap after GC invocations=14 (full 0):
 garbage-first heap   total 219136K, used 67601K [0x0000000701e00000, 0x0000000800000000)
  region size 2048K, 4 young (8192K), 4 survivors (8192K)
 Metaspace       used 36388K, committed 36736K, reserved 1081344K
  class space    used 4746K, committed 4928K, reserved 1048576K
}
Event: 2.336 GC heap before
{Heap before GC invocations=14 (full 0):
 garbage-first heap   total 219136K, used 155665K [0x0000000701e00000, 0x0000000800000000)
  region size 2048K, 48 young (98304K), 4 survivors (8192K)
 Metaspace       used 36544K, committed 36864K, reserved 1081344K
  class space    used 4753K, committed 4928K, reserved 1048576K
}
Event: 2.339 GC heap after
{Heap after GC invocations=15 (full 0):
 garbage-first heap   total 219136K, used 70862K [0x0000000701e00000, 0x0000000800000000)
  region size 2048K, 4 young (8192K), 4 survivors (8192K)
 Metaspace       used 36544K, committed 36864K, reserved 1081344K
  class space    used 4753K, committed 4928K, reserved 1048576K
}
Event: 2.353 GC heap before
{Heap before GC invocations=15 (full 0):
 garbage-first heap   total 219136K, used 160974K [0x0000000701e00000, 0x0000000800000000)
  region size 2048K, 49 young (100352K), 4 survivors (8192K)
 Metaspace       used 36555K, committed 36864K, reserved 1081344K
  class space    used 4754K, committed 4928K, reserved 1048576K
}
Event: 2.358 GC heap after
{Heap after GC invocations=16 (full 0):
 garbage-first heap   total 559104K, used 74982K [0x0000000701e00000, 0x0000000800000000)
  region size 2048K, 6 young (12288K), 6 survivors (12288K)
 Metaspace       used 36555K, committed 36864K, reserved 1081344K
  class space    used 4754K, committed 4928K, reserved 1048576K
}
Event: 2.434 GC heap before
{Heap before GC invocations=16 (full 0):
 garbage-first heap   total 559104K, used 394470K [0x0000000701e00000, 0x0000000800000000)
  region size 2048K, 163 young (333824K), 6 survivors (12288K)
 Metaspace       used 36809K, committed 37120K, reserved 1081344K
  class space    used 4772K, committed 4928K, reserved 1048576K
}
Event: 2.445 GC heap after
{Heap after GC invocations=17 (full 0):
 garbage-first heap   total 559104K, used 88172K [0x0000000701e00000, 0x0000000800000000)
  region size 2048K, 12 young (24576K), 12 survivors (24576K)
 Metaspace       used 36809K, committed 37120K, reserved 1081344K
  class space    used 4772K, committed 4928K, reserved 1048576K
}
Event: 2.498 GC heap before
{Heap before GC invocations=17 (full 0):
 garbage-first heap   total 559104K, used 395372K [0x0000000701e00000, 0x0000000800000000)
  region size 2048K, 163 young (333824K), 12 survivors (24576K)
 Metaspace       used 36904K, committed 37184K, reserved 1081344K
  class space    used 4777K, committed 4928K, reserved 1048576K
}
Event: 2.509 GC heap after
{Heap after GC invocations=18 (full 0):
 garbage-first heap   total 559104K, used 99899K [0x0000000701e00000, 0x0000000800000000)
  region size 2048K, 16 young (32768K), 16 survivors (32768K)
 Metaspace       used 36904K, committed 37184K, reserved 1081344K
  class space    used 4777K, committed 4928K, reserved 1048576K
}
Event: 2.573 GC heap before
{Heap before GC invocations=18 (full 0):
 garbage-first heap   total 559104K, used 398907K [0x0000000701e00000, 0x0000000800000000)
  region size 2048K, 163 young (333824K), 16 survivors (32768K)
 Metaspace       used 37273K, committed 37632K, reserved 1089536K
  class space    used 4812K, committed 4992K, reserved 1048576K
}
Event: 2.587 GC heap after
{Heap after GC invocations=19 (full 0):
 garbage-first heap   total 559104K, used 114370K [0x0000000701e00000, 0x0000000800000000)
  region size 2048K, 14 young (28672K), 14 survivors (28672K)
 Metaspace       used 37273K, committed 37632K, reserved 1089536K
  class space    used 4812K, committed 4992K, reserved 1048576K
}
Event: 2.861 GC heap before
{Heap before GC invocations=19 (full 0):
 garbage-first heap   total 559104K, used 417474K [0x0000000701e00000, 0x0000000800000000)
  region size 2048K, 163 young (333824K), 14 survivors (28672K)
 Metaspace       used 39354K, committed 39744K, reserved 1089536K
  class space    used 4975K, committed 5184K, reserved 1048576K
}

