# JRE version: OpenJDK Runtime Environment Temurin-17.0.4.1+1 (17.0.4.1+1) (build 17.0.4.1+1)
# Java VM: OpenJDK 64-Bit Server VM Temurin-17.0.4.1+1 (17.0.4.1+1, mixed mode, emulated-client, tiered, compressed oops, compressed class ptrs, g1 gc, windows-amd64)
GC Precious Log:
 CPUs: 12 total, 12 available
 Memory: 16257M
 Large Page Support: Disabled
 NUMA Support: Disabled
 Compressed Oops: Enabled (Zero based)
 Heap Region Size: 2M
 Heap Min Capacity: 8M
 Heap Initial Capacity: 256M
 Heap Max Capacity: 4066M
 Pre-touch: Disabled
 Parallel Workers: 10
 Concurrent Workers: 3
 Concurrent Refinement Workers: 10
 Periodic GC: Disabled
Heap:
 garbage-first heap   total 688128K, used 172372K [0x0000000701e00000, 0x0000000800000000)
  region size 2048K, 23 young (47104K), 23 survivors (47104K)
 Metaspace       used 45984K, committed 46336K, reserved 1089536K
  class space    used 5674K, committed 5824K, reserved 1048576K
GC Heap History (20 events):
Event: 2.219 GC heap after
{Heap after GC invocations=10 (full 0):
 garbage-first heap   total 155648K, used 47507K [0x0000000701e00000, 0x0000000800000000)
  region size 2048K, 4 young (8192K), 4 survivors (8192K)
 Metaspace       used 35812K, committed 36096K, reserved 1081344K
  class space    used 4645K, committed 4800K, reserved 1048576K
}
Event: 2.283 GC heap before
{Heap before GC invocations=11 (full 0):
 garbage-first heap   total 155648K, used 100755K [0x0000000701e00000, 0x0000000800000000)
  region size 2048K, 31 young (63488K), 4 survivors (8192K)
 Metaspace       used 36214K, committed 36544K, reserved 1081344K
  class space    used 4723K, committed 4864K, reserved 1048576K
}
Event: 2.303 GC heap after
{Heap after GC invocations=12 (full 0):
 garbage-first heap   total 155648K, used 59601K [0x0000000701e00000, 0x0000000800000000)
  region size 2048K, 4 young (8192K), 4 survivors (8192K)
 Metaspace       used 36214K, committed 36544K, reserved 1081344K
  class space    used 4723K, committed 4864K, reserved 1048576K
}
Event: 2.326 GC heap before
{Heap before GC invocations=12 (full 0):
 garbage-first heap   total 155648K, used 106705K [0x0000000701e00000, 0x0000000800000000)
  region size 2048K, 28 young (57344K), 4 survivors (8192K)
 Metaspace       used 36233K, committed 36544K, reserved 1081344K
  class space    used 4726K, committed 4864K, reserved 1048576K
}
Event: 2.333 GC heap after
{Heap after GC invocations=13 (full 0):
 garbage-first heap   total 311296K, used 62663K [0x0000000701e00000, 0x0000000800000000)
  region size 2048K, 2 young (4096K), 2 survivors (4096K)
 Metaspace       used 36233K, committed 36544K, reserved 1081344K
  class space    used 4726K, committed 4864K, reserved 1048576K
}
Event: 2.376 GC heap before
{Heap before GC invocations=13 (full 0):
 garbage-first heap   total 311296K, used 195783K [0x0000000701e00000, 0x0000000800000000)
  region size 2048K, 68 young (139264K), 2 survivors (4096K)
 Metaspace       used 36251K, committed 36544K, reserved 1081344K
  class space    used 4730K, committed 4864K, reserved 1048576K
}
Event: 2.380 GC heap after
{Heap after GC invocations=14 (full 0):
 garbage-first heap   total 311296K, used 67695K [0x0000000701e00000, 0x0000000800000000)
  region size 2048K, 4 young (8192K), 4 survivors (8192K)
 Metaspace       used 36251K, committed 36544K, reserved 1081344K
  class space    used 4730K, committed 4864K, reserved 1048576K
}
Event: 2.414 GC heap before
{Heap before GC invocations=14 (full 0):
 garbage-first heap   total 311296K, used 223343K [0x0000000701e00000, 0x0000000800000000)
  region size 2048K, 81 young (165888K), 4 survivors (8192K)
 Metaspace       used 36368K, committed 36736K, reserved 1081344K
  class space    used 4744K, committed 4928K, reserved 1048576K
}
Event: 2.419 GC heap after
{Heap after GC invocations=15 (full 0):
 garbage-first heap   total 311296K, used 74244K [0x0000000701e00000, 0x0000000800000000)
  region size 2048K, 7 young (14336K), 7 survivors (14336K)
 Metaspace       used 36368K, committed 36736K, reserved 1081344K
  class space    used 4744K, committed 4928K, reserved 1048576K
}
Event: 2.446 GC heap before
{Heap before GC invocations=15 (full 0):
 garbage-first heap   total 311296K, used 231940K [0x0000000701e00000, 0x0000000800000000)
  region size 2048K, 85 young (174080K), 7 survivors (14336K)
 Metaspace       used 36484K, committed 36800K, reserved 1081344K
  class space    used 4759K, committed 4928K, reserved 1048576K
}
Event: 2.453 GC heap after
{Heap after GC invocations=16 (full 0):
 garbage-first heap   total 311296K, used 80710K [0x0000000701e00000, 0x0000000800000000)
  region size 2048K, 7 young (14336K), 7 survivors (14336K)
 Metaspace       used 36484K, committed 36800K, reserved 1081344K
  class space    used 4759K, committed 4928K, reserved 1048576K
}
Event: 2.477 GC heap before
{Heap before GC invocations=16 (full 0):
 garbage-first heap   total 311296K, used 238406K [0x0000000701e00000, 0x0000000800000000)
  region size 2048K, 85 young (174080K), 7 survivors (14336K)
 Metaspace       used 36490K, committed 36800K, reserved 1081344K
  class space    used 4760K, committed 4928K, reserved 1048576K
}
Event: 2.486 GC heap after
{Heap after GC invocations=17 (full 0):
 garbage-first heap   total 688128K, used 87715K [0x0000000701e00000, 0x0000000800000000)
  region size 2048K, 7 young (14336K), 7 survivors (14336K)
 Metaspace       used 36490K, committed 36800K, reserved 1081344K
  class space    used 4760K, committed 4928K, reserved 1048576K
}
Event: 2.577 GC heap before
{Heap before GC invocations=17 (full 0):
 garbage-first heap   total 688128K, used 482979K [0x0000000701e00000, 0x0000000800000000)
  region size 2048K, 201 young (411648K), 7 survivors (14336K)
 Metaspace       used 36884K, committed 37184K, reserved 1081344K
  class space    used 4773K, committed 4928K, reserved 1048576K
}
Event: 2.587 GC heap after
{Heap after GC invocations=18 (full 0):
 garbage-first heap   total 688128K, used 103651K [0x0000000701e00000, 0x0000000800000000)
  region size 2048K, 15 young (30720K), 15 survivors (30720K)
 Metaspace       used 36884K, committed 37184K, reserved 1081344K
  class space    used 4773K, committed 4928K, reserved 1048576K
}
Event: 2.645 GC heap before
{Heap before GC invocations=18 (full 0):
 garbage-first heap   total 688128K, used 482531K [0x0000000701e00000, 0x0000000800000000)
  region size 2048K, 201 young (411648K), 15 survivors (30720K)
 Metaspace       used 37041K, committed 37312K, reserved 1089536K
  class space    used 4786K, committed 4928K, reserved 1048576K
}
Event: 2.660 GC heap after
{Heap after GC invocations=19 (full 0):
 garbage-first heap   total 688128K, used 125897K [0x0000000701e00000, 0x0000000800000000)
  region size 2048K, 23 young (47104K), 23 survivors (47104K)
 Metaspace       used 37041K, committed 37312K, reserved 1089536K
  class space    used 4786K, committed 4928K, reserved 1048576K
}
Event: 3.067 GC heap before
{Heap before GC invocations=19 (full 0):
 garbage-first heap   total 688128K, used 488393K [0x0000000701e00000, 0x0000000800000000)
  region size 2048K, 201 young (411648K), 23 survivors (47104K)
 Metaspace       used 41169K, committed 41536K, reserved 1089536K
  class space    used 5123K, committed 5312K, reserved 1048576K
}
Event: 3.090 GC heap after
{Heap after GC invocations=20 (full 0):
 garbage-first heap   total 688128K, used 151038K [0x0000000701e00000, 0x0000000800000000)
  region size 2048K, 24 young (49152K), 24 survivors (49152K)
 Metaspace       used 41169K, committed 41536K, reserved 1089536K
  class space    used 5123K, committed 5312K, reserved 1048576K
}
Event: 3.512 GC heap before
{Heap before GC invocations=20 (full 0):
 garbage-first heap   total 688128K, used 511486K [0x0000000701e00000, 0x0000000800000000)
  region size 2048K, 201 young (411648K), 24 survivors (49152K)
 Metaspace       used 45984K, committed 46336K, reserved 1089536K
  class space    used 5674K, committed 5824K, reserved 1048576K
}

